  board.cpp
D:\skrypty,programy,kod\Programy C++\game-of-life-CLTV\game-of-life\board.cpp(8,20): warning C4018: '<': signed/unsigned mismatch
D:\skrypty,programy,kod\Programy C++\game-of-life-CLTV\game-of-life\board.cpp(31,20): warning C4018: '<': signed/unsigned mismatch
D:\skrypty,programy,kod\Programy C++\game-of-life-CLTV\game-of-life\board.cpp(39,20): warning C4018: '<': signed/unsigned mismatch
D:\skrypty,programy,kod\Programy C++\game-of-life-CLTV\game-of-life\board.cpp(48,20): warning C4018: '<': signed/unsigned mismatch
  cell.cpp
  main.cpp
  engine.cpp
D:\skrypty,programy,kod\Programy C++\game-of-life-CLTV\game-of-life\engine.cpp(112,57): warning C4018: '>': signed/unsigned mismatch
D:\skrypty,programy,kod\Programy C++\game-of-life-CLTV\game-of-life\engine.cpp(113,54): warning C4018: '>': signed/unsigned mismatch
D:\skrypty,programy,kod\Programy C++\game-of-life-CLTV\game-of-life\engine.cpp(147,20): warning C4018: '<': signed/unsigned mismatch
  consoleGame.cpp
D:\skrypty,programy,kod\Programy C++\game-of-life-CLTV\game-of-life\consoleGame.cpp(81,20): warning C4018: '<': signed/unsigned mismatch
D:\skrypty,programy,kod\Programy C++\game-of-life-CLTV\game-of-life\consoleGame.cpp(82,21): warning C4018: '<': signed/unsigned mismatch
  Generating Code...
D:\skrypty,programy,kod\Programy C++\game-of-life-CLTV\game-of-life\consoleGame.cpp(68): warning C4715: 'consoleGame::getInput': not all control paths return a value
D:\skrypty,programy,kod\Programy C++\game-of-life-CLTV\game-of-life\engine.cpp(23): warning C4715: 'engine::operator=': not all control paths return a value
D:\skrypty,programy,kod\Programy C++\game-of-life-CLTV\game-of-life\engine.cpp(137): warning C4715: 'engine::evaluateCellState': not all control paths return a value
D:\skrypty,programy,kod\Programy C++\game-of-life-CLTV\game-of-life\cell.cpp(17): warning C4715: 'cell::operator=': not all control paths return a value
D:\skrypty,programy,kod\Programy C++\game-of-life-CLTV\game-of-life\board.cpp(26): warning C4715: 'board::operator=': not all control paths return a value
  ConsoleApplication1.vcxproj -> D:\skrypty,programy,kod\Programy C++\game-of-life-CLTV\game-of-life\Debug\game_of_life.exe
